<?xml version="1.0" encoding="UTF-8"?>
<!-- Generated by org.testng.reporters.JUnitXMLReporter -->
<testsuite ignored="0" hostname="LAPTOP-3BML8FHO" failures="1" tests="1" name="Test_Edge" time="0.005" errors="0" timestamp="2024-11-14T16:07:29 IST">
  <testcase classname="TestNg.Compatibility_Testing" name="verifylogin" time="0.0">
    <failure type="org.testng.TestNGException" message="
Parameter &amp;apos;browserName&amp;apos; is required by @Test on method verifylogin but has not been marked @Optional or defined
in C:\Users\Pratiksha\Desktop\NewProjectRest\6thjulySelenium\MultiBroser.xml">
      <![CDATA[org.testng.TestNGException: 
Parameter 'browserName' is required by @Test on method verifylogin but has not been marked @Optional or defined
in C:\Users\Pratiksha\Desktop\NewProjectRest\6thjulySelenium\MultiBroser.xml
at java.base/java.util.ArrayList.forEach(ArrayList.java:1541)
... Removed 26 stack frames]]>
    </failure>
  </testcase> <!-- verifylogin -->
</testsuite> <!-- Test_Edge -->
